<?xml version="1.0" encoding="UTF-8"?>
<!-- Generated by org.testng.reporters.JUnitXMLReporter -->
<testsuite ignored="0" hostname="preet" failures="0" tests="4" name="Default test" time="33.693" errors="0" timestamp="2022-08-10T11:02:13 GMT-04:00">
  <testcase classname="com.testng.code.Id_Is" name="validations" time="20.647"/>
  <testcase classname="com.testng.code.Id_Is" name="validations1" time="0.483"/>
  <testcase classname="com.testng.code.Id_Is" name="validations2" time="0.767"/>
  <testcase classname="com.testng.code.Id_Is" name="validations3" time="11.598"/>
</testsuite> <!-- Default test -->
